\BOOKMARK [1][-]{section.1}{\376\377\000C\000h\000e\000m\000i\000s\000t\000r\000y}{}% 1
\BOOKMARK [2][-]{subsection.1.1}{\376\377\000U\000n\000i\000t\000\040\0001\000\040\000-\000\040\000P\000r\000o\000p\000e\000r\000t\000i\000e\000s\000\040\000o\000f\000\040\000M\000a\000t\000t\000e\000r}{section.1}% 2
\BOOKMARK [3][-]{subsubsection.1.1.1}{\376\377\000A\000s\000s\000e\000s\000s\000m\000e\000n\000t\000\040\0001\000.\0001\000\040\000-\000\040\000O\000b\000s\000e\000r\000v\000i\000n\000g\000\040\000M\000a\000t\000t\000e\000r\000:}{subsection.1.1}% 3
\BOOKMARK [3][-]{subsubsection.1.1.2}{\376\377\000L\000e\000s\000s\000o\000n\000\040\0001\000.\0001\000\040\000-\000\040\000C\000o\000m\000p\000o\000s\000i\000t\000i\000o\000n\000\040\000o\000f\000\040\000M\000a\000t\000t\000e\000r\000:}{subsection.1.1}% 4
\BOOKMARK [3][-]{subsubsection.1.1.3}{\376\377\000L\000e\000s\000s\000o\000n\000\040\0001\000.\0002\000\040\000-\000\040\000V\000o\000l\000u\000m\000e\000,\000\040\000M\000a\000s\000s\000,\000\040\000a\000n\000d\000\040\000D\000e\000n\000s\000i\000t\000y\000:}{subsection.1.1}% 5
\BOOKMARK [3][-]{subsubsection.1.1.4}{\376\377\000L\000e\000s\000s\000o\000n\000\040\0001\000.\0003\000\040\000-\000\040\000F\000o\000r\000c\000e\000s\000\040\000o\000n\000\040\000M\000a\000t\000t\000e\000r\000:}{subsection.1.1}% 6
\BOOKMARK [3][-]{subsubsection.1.1.5}{\376\377\000A\000s\000s\000e\000s\000s\000m\000e\000n\000t\000\040\0001\000.\0002\000\040\000-\000\040\000E\000x\000p\000l\000a\000i\000n\000i\000n\000g\000\040\000F\000o\000r\000c\000e\000s\000\040\000o\000n\000\040\000M\000a\000t\000t\000e\000r\000:}{subsection.1.1}% 7
\BOOKMARK [3][-]{subsubsection.1.1.6}{\376\377\000L\000e\000s\000s\000o\000n\000\040\0001\000.\0004\000\040\000-\000\040\000T\000e\000m\000p\000e\000r\000a\000t\000u\000r\000e\000\040\000a\000n\000d\000\040\000M\000a\000t\000t\000e\000r\000:}{subsection.1.1}% 8
\BOOKMARK [3][-]{subsubsection.1.1.7}{\376\377\000L\000e\000s\000s\000o\000n\000\040\0001\000.\0005\000\040\000-\000\040\000S\000t\000a\000t\000e\000s\000\040\000o\000f\000\040\000M\000a\000t\000t\000e\000r\000:}{subsection.1.1}% 9
\BOOKMARK [3][-]{subsubsection.1.1.8}{\376\377\000L\000e\000s\000s\000o\000n\000\040\0001\000.\0006\000\040\000-\000\040\000S\000o\000l\000a\000r\000\040\000D\000i\000s\000t\000i\000l\000l\000a\000t\000i\000o\000n\000:}{subsection.1.1}% 10
\BOOKMARK [3][-]{subsubsection.1.1.9}{\376\377\000A\000s\000s\000e\000s\000s\000m\000e\000n\000t\000\040\0001\000.\0003\000\040\000-\000\040\000A\000\040\000W\000a\000t\000e\000r\000\040\000P\000l\000a\000n\000\040\000f\000o\000r\000\040\000Y\000o\000u\000r\000\040\000H\000o\000m\000e\000\040\000a\000n\000d\000\040\000C\000o\000m\000m\000u\000n\000i\000t\000y\000:}{subsection.1.1}% 11
\BOOKMARK [2][-]{subsection.1.2}{\376\377\000U\000n\000i\000t\000\040\0002\000\040\000-\000\040\000C\000o\000m\000b\000u\000s\000t\000i\000o\000n}{section.1}% 12
\BOOKMARK [3][-]{subsubsection.1.2.1}{\376\377\000A\000s\000s\000e\000s\000s\000m\000e\000n\000t\000\040\0002\000.\0001\000\040\000-\000\040\000O\000b\000s\000e\000r\000v\000i\000n\000g\000\040\000C\000o\000m\000b\000u\000s\000t\000i\000o\000n\000:}{subsection.1.2}% 13
\BOOKMARK [3][-]{subsubsection.1.2.2}{\376\377\000L\000e\000s\000s\000o\000n\000\040\0002\000.\0001\000\040\000-\000\040\000C\000o\000m\000p\000u\000t\000i\000n\000g\000\040\000t\000h\000e\000\040\000E\000n\000e\000r\000g\000y\000\040\000i\000n\000\040\000F\000o\000o\000d\000:}{subsection.1.2}% 14
\BOOKMARK [3][-]{subsubsection.1.2.3}{\376\377\000L\000e\000s\000s\000o\000n\000\040\0002\000.\0002\000\040\000-\000\040\000B\000i\000o\000f\000u\000e\000l\000s\000\040\000L\000a\000b\000:}{subsection.1.2}% 15
\BOOKMARK [3][-]{subsubsection.1.2.4}{\376\377\000A\000s\000s\000e\000s\000s\000m\000e\000n\000t\000\040\0002\000.\0002\000\040\000-\000\040\000C\000a\000l\000c\000u\000l\000a\000t\000i\000n\000g\000\040\000t\000h\000e\000\040\000E\000n\000e\000r\000g\000y\000\040\000I\000n\000c\000r\000e\000a\000s\000e\000\040\000i\000n\000\040\000W\000a\000t\000e\000r\000:}{subsection.1.2}% 16
\BOOKMARK [3][-]{subsubsection.1.2.5}{\376\377\000L\000e\000s\000s\000o\000n\000\040\0002\000.\0003\000\040\000-\000\040\000C\000o\000m\000b\000u\000s\000t\000i\000o\000n\000\040\000C\000o\000n\000f\000e\000r\000e\000n\000c\000e\000:}{subsection.1.2}% 17
\BOOKMARK [3][-]{subsubsection.1.2.6}{\376\377\000L\000e\000s\000s\000o\000n\000\040\0002\000.\0004\000\040\000-\000\040\000C\000o\000m\000b\000u\000s\000t\000i\000o\000n\000\040\000V\000i\000d\000e\000o\000\040\000Q\000u\000e\000s\000t\000i\000o\000n\000s\000:}{subsection.1.2}% 18
\BOOKMARK [3][-]{subsubsection.1.2.7}{\376\377\000A\000s\000s\000e\000s\000s\000m\000e\000n\000t\000\040\0002\000.\0003\000\040\000-\000\040\000R\000e\000a\000l\000\040\000W\000o\000r\000l\000d\000\040\000C\000o\000m\000b\000u\000s\000t\000i\000o\000n\000\040\000P\000r\000o\000j\000e\000c\000t\000:}{subsection.1.2}% 19
\BOOKMARK [2][-]{subsection.1.3}{\376\377\000U\000n\000i\000t\000\040\0003\000\040\000-\000\040\000E\000n\000e\000r\000g\000y}{section.1}% 20
\BOOKMARK [3][-]{subsubsection.1.3.1}{\376\377\000A\000s\000s\000e\000s\000s\000m\000e\000n\000t\000\040\0003\000.\0001\000\040\000-\000\040\000O\000b\000s\000e\000r\000v\000i\000n\000g\000\040\000L\000a\000v\000a\000\040\000F\000l\000o\000w\000i\000n\000g\000\040\000i\000n\000t\000o\000\040\000t\000h\000e\000\040\000O\000c\000e\000a\000n\000:}{subsection.1.3}% 21
\BOOKMARK [3][-]{subsubsection.1.3.2}{\376\377\000L\000e\000s\000s\000o\000n\000\040\0003\000.\0001\000\040\000-\000\040\000H\000o\000t\000\040\000R\000o\000c\000k\000s\000\040\000M\000i\000n\000i\000l\000a\000b\000:}{subsection.1.3}% 22
\BOOKMARK [3][-]{subsubsection.1.3.3}{\376\377\000L\000e\000s\000s\000o\000n\000\040\0003\000.\0002\000\040\000-\000\040\000H\000o\000t\000\040\000R\000o\000c\000k\000s\000\040\000D\000i\000s\000c\000u\000s\000s\000i\000o\000n\000:}{subsection.1.3}% 23
\BOOKMARK [3][-]{subsubsection.1.3.4}{\376\377\000L\000e\000s\000s\000o\000n\000\040\0003\000.\0003\000\040\000-\000\040\000H\000e\000a\000t\000\040\000T\000r\000a\000n\000s\000f\000e\000r\000\040\000L\000a\000b\000:}{subsection.1.3}% 24
\BOOKMARK [3][-]{subsubsection.1.3.5}{\376\377\000L\000e\000s\000s\000o\000n\000\040\0003\000.\0004\000\040\000-\000\040\000H\000e\000a\000t\000\040\000T\000r\000a\000n\000s\000f\000e\000r\000\040\000R\000e\000f\000l\000e\000c\000t\000i\000o\000n\000:}{subsection.1.3}% 25
\BOOKMARK [3][-]{subsubsection.1.3.6}{\376\377\000L\000e\000s\000s\000o\000n\000\040\0003\000.\0005\000\040\000-\000\040\000H\000e\000a\000t\000\040\000T\000r\000a\000n\000s\000f\000e\000r\000\040\000C\000o\000n\000f\000e\000r\000e\000n\000c\000e\000:}{subsection.1.3}% 26
\BOOKMARK [3][-]{subsubsection.1.3.7}{\376\377\000L\000e\000s\000s\000o\000n\000\040\0003\000.\0006\000\040\000-\000\040\000H\000e\000a\000t\000\040\000T\000r\000a\000n\000s\000f\000e\000r\000\040\000V\000i\000d\000e\000o\000:}{subsection.1.3}% 27
\BOOKMARK [3][-]{subsubsection.1.3.8}{\376\377\000L\000e\000s\000s\000o\000n\000\040\0003\000.\0007\000\040\000-\000\040\000P\000l\000a\000t\000e\000\040\000T\000e\000c\000t\000o\000n\000i\000c\000s\000\040\000V\000i\000d\000e\000o\000:}{subsection.1.3}% 28
\BOOKMARK [3][-]{subsubsection.1.3.9}{\376\377\000L\000e\000s\000s\000o\000n\000\040\0003\000.\0008\000\040\000-\000\040\000C\000o\000n\000v\000e\000c\000t\000i\000o\000n\000\040\000R\000e\000m\000e\000m\000b\000r\000a\000n\000c\000e\000,\000\040\000M\000i\000n\000i\000l\000a\000b\000,\000\040\000V\000i\000d\000e\000o\000,\000\040\000a\000n\000d\000\040\000R\000e\000f\000l\000e\000c\000t\000i\000o\000n\000:}{subsection.1.3}% 29
\BOOKMARK [3][-]{subsubsection.1.3.10}{\376\377\000L\000e\000s\000s\000o\000n\000\040\0003\000.\0009\000\040\000-\000\040\000D\000y\000n\000a\000m\000i\000c\000\040\000E\000a\000r\000t\000h\000\040\000R\000e\000a\000d\000i\000n\000g\000:}{subsection.1.3}% 30
\BOOKMARK [3][-]{subsubsection.1.3.11}{\376\377\000A\000s\000s\000e\000s\000s\000m\000e\000n\000t\000\040\0003\000.\0002\000\040\000-\000\040\000P\000l\000a\000t\000e\000\040\000T\000e\000c\000t\000o\000n\000i\000c\000s\000:}{subsection.1.3}% 31
\BOOKMARK [3][-]{subsubsection.1.3.12}{\376\377\000L\000e\000s\000s\000o\000n\000\040\0003\000.\0001\0000\000\040\000-\000\040\000F\000o\000r\000m\000s\000\040\000o\000f\000\040\000E\000n\000e\000r\000g\000y\000:}{subsection.1.3}% 32
\BOOKMARK [3][-]{subsubsection.1.3.13}{\376\377\000L\000e\000s\000s\000o\000n\000\040\0003\000.\0001\0001\000\040\000-\000\040\000E\000n\000e\000r\000g\000y\000\040\000S\000y\000s\000t\000e\000m\000s\000:}{subsection.1.3}% 33
\BOOKMARK [3][-]{subsubsection.1.3.14}{\376\377\000L\000e\000s\000s\000o\000n\000\040\0003\000.\0001\0002\000\040\000-\000\040\000E\000n\000e\000r\000g\000y\000\040\000S\000y\000s\000t\000e\000m\000\040\000M\000i\000n\000i\000l\000a\000b\000:}{subsection.1.3}% 34
\BOOKMARK [3][-]{subsubsection.1.3.15}{\376\377\000A\000s\000s\000e\000s\000s\000m\000e\000n\000t\000\040\0003\000.\0003\000\040\000-\000\040\000E\000n\000e\000r\000g\000y\000\040\000S\000y\000s\000t\000e\000m\000s\000\040\000P\000r\000o\000j\000e\000c\000t\000:}{subsection.1.3}% 35
\BOOKMARK [2][-]{subsection.1.4}{\376\377\000U\000n\000i\000t\000\040\0004\000\040\000-\000\040\000A\000t\000o\000m\000s\000\040\000a\000n\000d\000\040\000E\000l\000e\000m\000e\000n\000t\000s}{section.1}% 36
\BOOKMARK [3][-]{subsubsection.1.4.1}{\376\377\000A\000s\000s\000e\000s\000s\000m\000e\000n\000t\000\040\0004\000.\0001\000\040\000-\000\040\000M\000y\000s\000t\000e\000r\000y\000\040\000T\000u\000b\000e\000s\000:}{subsection.1.4}% 37
\BOOKMARK [3][-]{subsubsection.1.4.2}{\376\377\000L\000e\000s\000s\000o\000n\000\040\0004\000.\0001\000\040\000-\000\040\000A\000t\000o\000m\000i\000c\000\040\000M\000o\000d\000e\000l\000\040\000R\000e\000s\000e\000a\000r\000c\000h\000:}{subsection.1.4}% 38
\BOOKMARK [3][-]{subsubsection.1.4.3}{\376\377\000L\000e\000s\000s\000o\000n\000\040\0004\000.\0002\000\040\000-\000\040\000A\000t\000o\000m\000i\000c\000\040\000M\000o\000d\000e\000l\000\040\000T\000i\000m\000e\000l\000i\000n\000e\000:}{subsection.1.4}% 39
\BOOKMARK [3][-]{subsubsection.1.4.4}{\376\377\000L\000e\000s\000s\000o\000n\000\040\0004\000.\0003\000\040\000-\000\040\000E\000l\000e\000m\000e\000n\000t\000\040\000P\000r\000o\000p\000e\000r\000t\000y\000\040\000L\000a\000b\000:}{subsection.1.4}% 40
\BOOKMARK [3][-]{subsubsection.1.4.5}{\376\377\000L\000e\000s\000s\000o\000n\000\040\0004\000.\0004}{subsection.1.4}% 41
\BOOKMARK [3][-]{subsubsection.1.4.6}{\376\377\000L\000e\000s\000s\000o\000n\000\040\0004\000.\0005\000\040\000-\000\040\000P\000e\000r\000i\000o\000d\000i\000c\000\040\000T\000a\000b\000l\000e\000\040\000N\000o\000t\000e\000s\000:}{subsection.1.4}% 42
\BOOKMARK [3][-]{subsubsection.1.4.7}{\376\377\000L\000e\000s\000s\000o\000n\000\040\0004\000.\0006\000\040\000-\000\040\000P\000e\000r\000i\000o\000d\000i\000c\000\040\000T\000a\000b\000l\000e\000\040\000P\000r\000a\000c\000t\000i\000c\000e\000:}{subsection.1.4}% 43
\BOOKMARK [3][-]{subsubsection.1.4.8}{\376\377\000A\000s\000s\000e\000s\000s\000m\000e\000n\000t\000\040\0004\000.\0002\000\040\000-\000\040\000B\000u\000i\000l\000d\000\040\000a\000n\000\040\000A\000t\000o\000m\000:}{subsection.1.4}% 44
\BOOKMARK [3][-]{subsubsection.1.4.9}{\376\377\000L\000e\000s\000s\000o\000n\000\040\0004\000.\0007\000\040\000-\000\040\000B\000o\000h\000r\000\040\000E\000l\000e\000c\000t\000r\000o\000n\000\040\000D\000i\000a\000g\000r\000a\000m\000\040\000N\000o\000t\000e\000s\000:}{subsection.1.4}% 45
\BOOKMARK [3][-]{subsubsection.1.4.10}{\376\377\000L\000e\000s\000s\000o\000n\000\040\0004\000.\0008\000\040\000-\000\040\000D\000r\000a\000w\000i\000n\000g\000\040\000B\000o\000h\000r\000\040\000E\000l\000e\000c\000t\000r\000o\000n\000\040\000D\000i\000a\000g\000r\000a\000m\000s\000:}{subsection.1.4}% 46
\BOOKMARK [3][-]{subsubsection.1.4.11}{\376\377\000L\000e\000s\000s\000o\000n\000\040\0004\000.\0009\000\040\000-\000\040\000E\000l\000e\000c\000t\000r\000o\000n\000e\000g\000a\000t\000i\000v\000i\000t\000y\000:}{subsection.1.4}% 47
\BOOKMARK [2][-]{subsection.1.5}{\376\377\000U\000n\000i\000t\000\040\0005\000\040\000-\000\040\000B\000o\000n\000d\000i\000n\000g\000\040\000a\000n\000d\000\040\000M\000a\000t\000e\000r\000i\000a\000l\000\040\000P\000r\000o\000p\000e\000r\000t\000i\000e\000s}{section.1}% 48
\BOOKMARK [3][-]{subsubsection.1.5.1}{\376\377\000A\000s\000s\000e\000s\000s\000m\000e\000n\000t\000\040\0005\000.\0001\000\040\000-\000\040\000O\000b\000s\000e\000r\000v\000i\000n\000g\000\040\000a\000\040\000P\000a\000p\000e\000r\000\040\000T\000o\000w\000e\000l\000\040\000a\000n\000d\000\040\000W\000a\000t\000e\000r\000:}{subsection.1.5}% 49
\BOOKMARK [3][-]{subsubsection.1.5.2}{\376\377\000L\000e\000s\000s\000o\000n\000\040\0005\000.\0001\000\040\000-\000\040\000P\000r\000o\000p\000e\000r\000t\000i\000e\000s\000\040\000o\000f\000\040\000W\000a\000t\000e\000r\000\040\000L\000a\000b\000:}{subsection.1.5}% 50
\BOOKMARK [3][-]{subsubsection.1.5.3}{\376\377\000L\000e\000s\000s\000o\000n\000\040\0005\000.\0002\000\040\000-\000\040\000P\000r\000o\000p\000e\000r\000t\000i\000e\000s\000\040\000o\000f\000\040\000W\000a\000t\000e\000r\000\040\000L\000a\000b\000\040\000D\000i\000s\000c\000u\000s\000s\000i\000o\000n\000:}{subsection.1.5}% 51
\BOOKMARK [3][-]{subsubsection.1.5.4}{\376\377\000L\000e\000s\000s\000o\000n\000\040\0005\000.\0003\000\040\000-\000\040\000L\000e\000w\000i\000s\000\040\000D\000o\000t\000\040\000D\000i\000a\000g\000r\000a\000m\000s\000\040\000a\000n\000d\000\040\000I\000o\000n\000\040\000F\000o\000r\000m\000a\000t\000i\000o\000n\000:}{subsection.1.5}% 52
\BOOKMARK [3][-]{subsubsection.1.5.5}{\376\377\000L\000e\000s\000s\000o\000n\000\040\0005\000.\0004\000\040\000-\000\040\000P\000r\000a\000c\000t\000i\000c\000e\000\040\000f\000o\000r\000m\000i\000n\000g\000\040\000I\000o\000n\000s\000:}{subsection.1.5}% 53
\BOOKMARK [3][-]{subsubsection.1.5.6}{\376\377\000L\000e\000s\000s\000o\000n\000\040\0005\000.\0005\000\040\000-\000\040\000B\000o\000n\000d\000i\000n\000g\000\040\000B\000e\000t\000w\000e\000e\000n\000\040\000A\000t\000o\000m\000s\000:}{subsection.1.5}% 54
\BOOKMARK [3][-]{subsubsection.1.5.7}{\376\377\000A\000s\000s\000e\000s\000s\000m\000e\000n\000t\000\040\0005\000.\0002\000\040\000-\000\040\000A\000d\000o\000p\000t\000\040\000a\000\040\000M\000o\000l\000e\000c\000u\000l\000e\000:}{subsection.1.5}% 55
\BOOKMARK [3][-]{subsubsection.1.5.8}{\376\377\000L\000e\000s\000s\000o\000n\000\040\0005\000.\0006\000\040\000-\000\040\000M\000a\000k\000i\000n\000g\000\040\000N\000e\000w\000\040\000M\000a\000t\000e\000r\000i\000a\000l\000\040\000L\000a\000b\000:}{subsection.1.5}% 56
\BOOKMARK [3][-]{subsubsection.1.5.9}{\376\377\000L\000e\000s\000s\000o\000n\000\040\0005\000.\0007\000\040\000-\000\040\000M\000a\000k\000i\000n\000g\000\040\000N\000e\000w\000\040\000M\000a\000t\000e\000r\000i\000a\000l\000s\000\040\000D\000i\000s\000c\000u\000s\000s\000i\000o\000n\000:}{subsection.1.5}% 57
\BOOKMARK [3][-]{subsubsection.1.5.10}{\376\377\000L\000e\000s\000s\000o\000n\000\040\0005\000.\0008\000\040\000-\000\040\000P\000o\000l\000a\000r\000\040\000a\000n\000d\000\040\000N\000o\000n\000-\000P\000o\000l\000a\000r\000\040\000B\000o\000n\000d\000s\000:}{subsection.1.5}% 58
\BOOKMARK [3][-]{subsubsection.1.5.11}{\376\377\000L\000e\000s\000s\000o\000n\000\040\0005\000.\0009\000\040\000-\000\040\000I\000n\000t\000e\000r\000m\000o\000l\000e\000c\000u\000l\000a\000r\000\040\000F\000o\000r\000c\000e\000\040\000P\000r\000a\000c\000t\000i\000c\000e\000:}{subsection.1.5}% 59
\BOOKMARK [3][-]{subsubsection.1.5.12}{\376\377\000A\000s\000s\000e\000s\000s\000m\000e\000n\000t\000\040\0005\000.\0003\000\040\000-\000\040\000A\000d\000o\000p\000t\000\040\000a\000\040\000M\000a\000t\000e\000r\000i\000a\000l\000:}{subsection.1.5}% 60
\BOOKMARK [2][-]{subsection.1.6}{\376\377\000U\000n\000i\000t\000\040\0006\000\040\000-\000\040\000C\000h\000e\000m\000i\000c\000a\000l\000\040\000R\000e\000a\000c\000t\000i\000o\000n\000s}{section.1}% 61
\BOOKMARK [3][-]{subsubsection.1.6.1}{\376\377\000A\000s\000s\000e\000s\000s\000m\000e\000n\000t\000\040\0006\000.\0001\000\040\000-\000\040\000O\000b\000s\000e\000r\000v\000i\000n\000g\000\040\000a\000\040\000R\000e\000a\000c\000t\000i\000o\000n\000:}{subsection.1.6}% 62
\BOOKMARK [3][-]{subsubsection.1.6.2}{\376\377\000L\000e\000s\000s\000o\000n\000\040\0006\000.\0001\000\040\000-\000\040\000R\000e\000a\000c\000t\000i\000o\000n\000\040\000M\000a\000s\000s\000\040\000C\000o\000n\000s\000e\000r\000v\000a\000t\000i\000o\000n\000\040\000L\000a\000b\000:}{subsection.1.6}% 63
\BOOKMARK [3][-]{subsubsection.1.6.3}{\376\377\000L\000e\000s\000s\000o\000n\000\040\0006\000.\0002\000\040\000-\000\040\000R\000e\000a\000c\000t\000i\000o\000n\000\040\000M\000a\000s\000s\000\040\000C\000o\000n\000s\000e\000r\000v\000a\000t\000i\000o\000n\000\040\000w\000i\000t\000h\000\040\000H\000a\000p\000p\000y\000\040\000A\000t\000o\000m\000s\000:}{subsection.1.6}% 64
\BOOKMARK [3][-]{subsubsection.1.6.4}{\376\377\000L\000e\000s\000s\000o\000n\000\040\0006\000.\0003\000\040\000-\000\040\000M\000a\000s\000s\000\040\000C\000o\000n\000s\000e\000r\000v\000a\000t\000i\000o\000n\000\040\000i\000n\000\040\000R\000e\000a\000c\000t\000i\000o\000n\000s\000:}{subsection.1.6}% 65
\BOOKMARK [3][-]{subsubsection.1.6.5}{\376\377\000L\000e\000s\000s\000o\000n\000\040\0006\000.\0004\000\040\000-\000\040\000R\000e\000a\000c\000t\000i\000o\000n\000\040\000M\000a\000s\000s\000\040\000C\000o\000n\000s\000e\000r\000v\000a\000t\000i\000o\000n\000\040\000C\000o\000m\000p\000u\000t\000a\000t\000i\000o\000n\000s\000:}{subsection.1.6}% 66
\BOOKMARK [3][-]{subsubsection.1.6.6}{\376\377\000L\000e\000s\000s\000o\000n\000\040\0006\000.\0005\000\040\000-\000\040\000R\000e\000a\000c\000t\000i\000o\000n\000\040\000M\000a\000s\000s\000\040\000C\000o\000n\000s\000e\000r\000v\000a\000t\000i\000o\000n\000\040\000P\000r\000a\000c\000t\000i\000c\000e\000:}{subsection.1.6}% 67
\BOOKMARK [3][-]{subsubsection.1.6.7}{\376\377\000A\000s\000s\000e\000s\000s\000m\000e\000n\000t\000\040\0006\000.\0002\000\040\000-\000\040\000R\000e\000a\000c\000t\000i\000o\000n\000\040\000M\000a\000s\000s\000\040\000C\000o\000n\000s\000e\000r\000v\000a\000t\000i\000o\000n\000:}{subsection.1.6}% 68
\BOOKMARK [3][-]{subsubsection.1.6.8}{\376\377\000L\000e\000s\000s\000o\000n\000\040\0006\000.\0006\000\040\000-\000\040\000B\000a\000t\000t\000e\000r\000y\000\040\000M\000i\000n\000i\000l\000a\000b\000:}{subsection.1.6}% 69
\BOOKMARK [3][-]{subsubsection.1.6.9}{\376\377\000L\000e\000s\000s\000o\000n\000\040\0006\000.\0007\000\040\000-\000\040\000T\000h\000e\000\040\000L\000e\000m\000o\000n\000\040\000a\000n\000d\000\040\000P\000o\000t\000a\000t\000o\000\040\000B\000a\000t\000t\000e\000r\000y\000\040\000E\000x\000p\000l\000a\000i\000n\000e\000d\000:}{subsection.1.6}% 70
\BOOKMARK [3][-]{subsubsection.1.6.10}{\376\377\000L\000e\000s\000s\000o\000n\000\040\0006\000.\0008\000\040\000-\000\040\000R\000e\000a\000c\000t\000i\000o\000n\000s\000\040\000a\000n\000d\000\040\000E\000n\000e\000r\000g\000y\000:}{subsection.1.6}% 71
\BOOKMARK [3][-]{subsubsection.1.6.11}{\376\377\000L\000e\000s\000s\000o\000n\000\040\0006\000.\0009\000\040\000-\000\040\000O\000c\000e\000a\000n\000\040\000A\000c\000i\000d\000i\000f\000i\000c\000a\000t\000i\000o\000n\000\040\000M\000i\000n\000i\000l\000a\000b\000:}{subsection.1.6}% 72
\BOOKMARK [3][-]{subsubsection.1.6.12}{\376\377\000A\000s\000s\000e\000s\000s\000m\000e\000n\000t\000\040\0006\000.\0003\000\040\000-\000\040\000A\000d\000o\000p\000t\000\040\000a\000\040\000R\000e\000a\000c\000t\000i\000o\000n\000:}{subsection.1.6}% 73
\BOOKMARK [3][-]{subsubsection.1.6.13}{\376\377\000L\000e\000s\000s\000o\000n\000\040\0006\000.\0001\0000\000\040\000-\000\040\000O\000c\000e\000a\000n\000\040\000A\000c\000i\000d\000i\000f\000i\000c\000a\000t\000i\000o\000n\000\040\000V\000i\000d\000e\000o\000:}{subsection.1.6}% 74
\BOOKMARK [2][-]{subsection.1.7}{\376\377\000U\000n\000i\000t\000\040\0007\000\040\000-\000\040\000C\000l\000i\000m\000a\000t\000e\000\040\000C\000h\000a\000n\000g\000e}{section.1}% 75
\BOOKMARK [3][-]{subsubsection.1.7.1}{\376\377\000A\000s\000s\000e\000s\000s\000m\000e\000n\000t\000\040\0007\000.\0001\000\040\000-\000\040\000C\000l\000i\000m\000a\000t\000e\000\040\000C\000h\000a\000n\000g\000e\000\040\000R\000e\000f\000l\000e\000c\000t\000i\000o\000n\000:}{subsection.1.7}% 76
\BOOKMARK [3][-]{subsubsection.1.7.2}{\376\377\000L\000e\000s\000s\000o\000n\000\040\0007\000.\0001\000\040\000-\000\040\000C\000l\000i\000m\000a\000t\000e\000\040\000C\000h\000a\000n\000g\000e\000\040\000V\000i\000d\000e\000o\000s\000:}{subsection.1.7}% 77
\BOOKMARK [3][-]{subsubsection.1.7.3}{\376\377\000A\000s\000s\000e\000s\000s\000m\000e\000n\000t\000\040\0007\000.\0002\000\040\000-\000\040\000C\000l\000i\000m\000a\000t\000e\000\040\000C\000h\000a\000n\000g\000e\000\040\000M\000i\000n\000i\000q\000u\000i\000z\000e\000s\000:}{subsection.1.7}% 78
\BOOKMARK [3][-]{subsubsection.1.7.4}{\376\377\000L\000e\000s\000s\000o\000n\000\040\0007\000.\0002\000\040\000-\000\040\000C\000l\000i\000m\000a\000t\000e\000\040\000C\000h\000a\000n\000g\000e\000\040\000S\000i\000m\000u\000l\000a\000t\000i\000o\000n\000s\000:}{subsection.1.7}% 79
\BOOKMARK [3][-]{subsubsection.1.7.5}{\376\377\000A\000s\000s\000e\000s\000s\000m\000e\000n\000t\000\040\0007\000.\0003\000\040\000-\000\040\000C\000l\000i\000m\000a\000t\000e\000\040\000C\000h\000a\000n\000g\000e\000\040\000R\000e\000s\000e\000a\000r\000c\000h\000:}{subsection.1.7}% 80
\BOOKMARK [1][-]{section.2}{\376\377\000P\000h\000y\000s\000i\000c\000s}{}% 81
\BOOKMARK [2][-]{subsection.2.1}{\376\377\000U\000n\000i\000t\000\040\0001\000\040\000-\000\040\000F\000o\000r\000c\000e\000s}{section.2}% 82
\BOOKMARK [3][-]{subsubsection.2.1.1}{\376\377\000A\000s\000s\000e\000s\000s\000m\000e\000n\000t\000\040\0001\000.\0001\000\040\000-\000\040\000O\000b\000s\000e\000r\000v\000i\000n\000g\000\040\000a\000\040\000C\000a\000r\000\040\000o\000n\000\040\000a\000\040\000H\000i\000l\000l\000:}{subsection.2.1}% 83
\BOOKMARK [3][-]{subsubsection.2.1.2}{\376\377\000L\000e\000s\000s\000o\000n\000\040\0001\000.\0001\000\040\000-\000\040\000E\000x\000p\000e\000r\000i\000e\000n\000c\000i\000n\000g\000\040\000F\000o\000r\000c\000e\000s\000:}{subsection.2.1}% 84
\BOOKMARK [3][-]{subsubsection.2.1.3}{\376\377\000L\000e\000s\000s\000o\000n\000\040\0001\000.\0002\000\040\000-\000\040\000H\000o\000w\000\040\000d\000o\000\040\000F\000o\000r\000c\000e\000s\000\040\000A\000c\000t\000\040\000O\000n\000\040\000a\000n\000\040\000O\000b\000j\000e\000c\000t\000:}{subsection.2.1}% 85
\BOOKMARK [3][-]{subsubsection.2.1.4}{\376\377\000L\000e\000s\000s\000o\000n\000\040\0001\000.\0003\000\040\000-\000\040\000F\000o\000r\000c\000e\000s\000\040\000B\000e\000t\000w\000e\000e\000n\000\040\000O\000b\000j\000e\000c\000t\000s\000:}{subsection.2.1}% 86
\BOOKMARK [3][-]{subsubsection.2.1.5}{\376\377\000L\000e\000s\000s\000o\000n\000\040\0001\000.\0004\000\040\000-\000\040\000F\000r\000e\000e\000\040\000B\000o\000d\000y\000\040\000D\000i\000a\000g\000r\000a\000m\000s\000:}{subsection.2.1}% 87
\BOOKMARK [3][-]{subsubsection.2.1.6}{\376\377\000L\000e\000s\000s\000o\000n\000\040\0001\000.\0005\000\040\000-\000\040\000P\000r\000a\000c\000t\000i\000c\000e\000\040\000D\000r\000a\000w\000i\000n\000g\000\040\000F\000r\000e\000e\000\040\000B\000o\000d\000y\000\040\000D\000i\000a\000g\000r\000a\000m\000s}{subsection.2.1}% 88
\BOOKMARK [3][-]{subsubsection.2.1.7}{\376\377\000A\000s\000s\000e\000s\000s\000m\000e\000n\000t\000\040\0001\000.\0002\000\040\000-\000\040\000R\000e\000a\000l\000\040\000W\000o\000r\000l\000d\000\040\000F\000o\000r\000c\000e\000\040\000A\000n\000a\000l\000y\000s\000i\000s\000:}{subsection.2.1}% 89
\BOOKMARK [3][-]{subsubsection.2.1.8}{\376\377\000L\000e\000s\000s\000o\000n\000\040\0001\000.\0006\000\040\000-\000\040\000F\000o\000r\000c\000e\000\040\000L\000a\000b\000:}{subsection.2.1}% 90
\BOOKMARK [3][-]{subsubsection.2.1.9}{\376\377\000L\000e\000s\000s\000o\000n\000\040\0001\000.\0007\000\040\000-\000\040\000F\000o\000r\000c\000e\000\040\000C\000o\000n\000f\000e\000r\000e\000n\000c\000e\000:}{subsection.2.1}% 91
\BOOKMARK [3][-]{subsubsection.2.1.10}{\376\377\000L\000e\000s\000s\000o\000n\000\040\0001\000.\0008\000\040\000-\000\040\000F\000o\000r\000c\000e\000\040\000M\000o\000d\000e\000l\000s\000\040\000a\000n\000d\000\040\000P\000r\000a\000c\000t\000i\000c\000e\000:}{subsection.2.1}% 92
\BOOKMARK [3][-]{subsubsection.2.1.11}{\376\377\000L\000e\000s\000s\000o\000n\000\040\0001\000.\0009\000\040\000-\000\040\000F\000o\000r\000c\000e\000\040\000D\000i\000r\000e\000c\000t\000i\000o\000n\000\040\000M\000i\000n\000i\000l\000a\000b\000:}{subsection.2.1}% 93
\BOOKMARK [3][-]{subsubsection.2.1.12}{\376\377\000L\000e\000s\000s\000o\000n\000\040\0001\000.\0001\0000\000\040\000-\000\040\000F\000o\000r\000c\000e\000s\000\040\000a\000s\000\040\000V\000e\000c\000t\000o\000r\000s\000:}{subsection.2.1}% 94
\BOOKMARK [3][-]{subsubsection.2.1.13}{\376\377\000A\000s\000s\000e\000s\000s\000m\000e\000n\000t\000\040\0001\000.\0003\000\040\000-\000\040\000F\000o\000r\000c\000e\000s\000\040\000o\000n\000\040\000a\000\040\000C\000a\000r\000\040\000o\000n\000\040\000a\000\040\000H\000i\000l\000l\000:}{subsection.2.1}% 95
\BOOKMARK [2][-]{subsection.2.2}{\376\377\000U\000n\000i\000t\000\040\0002\000\040\000-\000\040\000F\000o\000r\000c\000e\000s\000\040\000a\000n\000d\000\040\000M\000o\000t\000i\000o\000n}{section.2}% 96
\BOOKMARK [3][-]{subsubsection.2.2.1}{\376\377\000A\000s\000s\000e\000s\000s\000m\000e\000n\000t\000\040\0002\000.\0001\000\040\000-\000\040\000O\000b\000s\000e\000r\000v\000i\000n\000g\000\040\000a\000\040\000C\000o\000l\000l\000i\000s\000i\000o\000n\000:}{subsection.2.2}% 97
\BOOKMARK [3][-]{subsubsection.2.2.2}{\376\377\000L\000e\000s\000s\000o\000n\000\040\0002\000.\0001\000\040\000-\000\040\000C\000o\000m\000p\000u\000t\000i\000n\000g\000\040\000t\000h\000e\000\040\000S\000u\000m\000\040\000o\000f\000\040\000F\000o\000r\000c\000e\000s\000\040\000o\000n\000\040\000a\000n\000\040\000O\000b\000j\000e\000c\000t\000:}{subsection.2.2}% 98
\BOOKMARK [3][-]{subsubsection.2.2.3}{\376\377\000L\000e\000s\000s\000o\000n\000\040\0002\000.\0002\000\040\000-\000\040\000N\000e\000w\000t\000o\000n\040\031\000s\000\040\000F\000i\000r\000s\000t\000\040\000L\000a\000w\000:}{subsection.2.2}% 99
\BOOKMARK [3][-]{subsubsection.2.2.4}{\376\377\000L\000e\000s\000s\000o\000n\000\040\0002\000.\0003\000\040\000-\000\040\000O\000n\000e\000-\000d\000i\000m\000e\000n\000s\000i\000o\000n\000a\000l\000\040\000D\000i\000s\000t\000a\000n\000c\000e\000\040\000a\000n\000d\000\040\000D\000i\000s\000p\000l\000a\000c\000e\000m\000e\000n\000t\000:}{subsection.2.2}% 100
\BOOKMARK [3][-]{subsubsection.2.2.5}{\376\377\000L\000e\000s\000s\000o\000n\000\040\0002\000.\0004\000\040\000-\000\040\0002\000D\000\040\000D\000i\000s\000t\000a\000n\000c\000e\000\040\000a\000n\000d\000\040\000D\000i\000s\000p\000l\000a\000c\000e\000m\000e\000n\000t\000:}{subsection.2.2}% 101
\BOOKMARK [3][-]{subsubsection.2.2.6}{\376\377\000L\000e\000s\000s\000o\000n\000\040\0002\000.\0005\000\040\000-\000\040\000D\000e\000f\000i\000n\000i\000t\000i\000o\000n\000\040\000a\000n\000d\000\040\000M\000e\000a\000s\000u\000r\000e\000m\000e\000n\000t\000\040\000o\000f\000\040\000V\000e\000l\000o\000c\000i\000t\000y\000:}{subsection.2.2}% 102
\BOOKMARK [3][-]{subsubsection.2.2.7}{\376\377\000A\000s\000s\000e\000s\000s\000m\000e\000n\000t\000\040\0002\000.\0002\000\040\000-\000\040\000O\000b\000s\000e\000r\000v\000e\000\040\000t\000h\000e\000\040\000M\000o\000t\000i\000o\000n\000\040\000o\000f\000\040\000a\000n\000\040\000O\000b\000j\000e\000c\000t\000:\000\040\000S\000t\000u\000d\000e\000n\000t\000s\000\040\000o\000b\000s\000e\000r\000v\000e\000\040\000t\000h\000e\000\040\000m\000o\000t\000i\000o\000n\000\040\000o\000f\000\040\000a\000n\000\040\000o\000b\000j\000e\000c\000t\000\040\000a\000t}{subsection.2.2}% 103
\BOOKMARK [3][-]{subsubsection.2.2.8}{\376\377\000L\000e\000s\000s\000o\000n\000\040\0002\000.\0006\000\040\000-\000\040\000V\000e\000l\000o\000c\000i\000t\000y\000\040\000N\000o\000t\000e\000s\000\040\000a\000n\000d\000\040\000P\000r\000a\000c\000t\000i\000c\000e\000:}{subsection.2.2}% 104
\BOOKMARK [3][-]{subsubsection.2.2.9}{\376\377\000L\000e\000s\000s\000o\000n\000\040\0002\000.\0007\000\040\000-\000\040\000A\000c\000c\000e\000l\000e\000r\000a\000t\000i\000o\000n\000\040\000N\000o\000t\000e\000s\000:}{subsection.2.2}% 105
\BOOKMARK [3][-]{subsubsection.2.2.10}{\376\377\000L\000e\000s\000s\000o\000n\000\040\0002\000.\0008\000\040\000-\000\040\000K\000i\000n\000e\000m\000a\000t\000i\000c\000\040\000E\000q\000u\000a\000t\000i\000o\000n\000s\000:}{subsection.2.2}% 106
\BOOKMARK [3][-]{subsubsection.2.2.11}{\376\377\000L\000e\000s\000s\000o\000n\000\040\0002\000.\0009\000\040\000-\000\040\000F\000o\000r\000c\000e\000,\000\040\000M\000a\000s\000s\000,\000\040\000a\000n\000d\000\040\000A\000c\000c\000e\000l\000e\000r\000a\000t\000i\000o\000n\000\040\000L\000a\000b\000:}{subsection.2.2}% 107
\BOOKMARK [3][-]{subsubsection.2.2.12}{\376\377\000L\000e\000s\000s\000o\000n\000\040\0002\000.\0001\0000\000\040\000-\000\040\000N\000e\000w\000t\000o\000n\040\031\000s\000\040\000C\000o\000u\000r\000t\000:}{subsection.2.2}% 108
\BOOKMARK [3][-]{subsubsection.2.2.13}{\376\377\000L\000e\000s\000s\000o\000n\000\040\0002\000.\0001\0001\000\040\000-\000\040\000O\000b\000s\000e\000r\000v\000a\000t\000i\000o\000n\000s\000\040\000o\000f\000\040\000C\000o\000l\000l\000i\000s\000i\000o\000n\000s\000:}{subsection.2.2}% 109
\BOOKMARK [3][-]{subsubsection.2.2.14}{\376\377\000L\000e\000s\000s\000o\000n\000\040\0002\000.\0001\0002\000\040\000-\000\040\000M\000o\000m\000e\000n\000t\000u\000m\000\040\000N\000o\000t\000e\000s\000\040\000a\000n\000d\000\040\000C\000a\000l\000c\000u\000l\000a\000t\000i\000o\000n\000s\000:}{subsection.2.2}% 110
\BOOKMARK [3][-]{subsubsection.2.2.15}{\376\377\000L\000e\000s\000s\000o\000n\000\040\0002\000.\0001\0003\000:\000\040\000M\000o\000m\000e\000n\000t\000u\000m\000\040\000M\000i\000n\000i\000l\000a\000b\000:}{subsection.2.2}% 111
\BOOKMARK [3][-]{subsubsection.2.2.16}{\376\377\000A\000s\000s\000e\000s\000s\000m\000e\000n\000t\000\040\0002\000.\0003\000\040\000-\000\040\000A\000n\000a\000l\000y\000s\000i\000s\000\040\000o\000f\000\040\000a\000\040\000C\000o\000l\000l\000i\000s\000i\000o\000n\000:}{subsection.2.2}% 112
\BOOKMARK [2][-]{subsection.2.3}{\376\377\000U\000n\000i\000t\000\040\0003\000\040\000-\000\040\000G\000r\000a\000v\000i\000t\000y\000\040\000a\000n\000d\000\040\000M\000o\000t\000i\000o\000n}{section.2}% 113
\BOOKMARK [3][-]{subsubsection.2.3.1}{\376\377\000A\000s\000s\000e\000s\000s\000m\000e\000n\000t\000\040\0003\000.\0001\000\040\000-\000\040\000O\000b\000s\000e\000r\000v\000i\000n\000g\000\040\000a\000\040\000B\000a\000l\000l\000:}{subsection.2.3}% 114
\BOOKMARK [3][-]{subsubsection.2.3.2}{\376\377\000L\000e\000s\000s\000o\000n\000\040\0003\000.\0001\000\040\000-\000\040\000T\000o\000s\000s\000i\000n\000g\000\040\000a\000\040\000B\000e\000a\000n\000\040\000B\000a\000g\000:}{subsection.2.3}% 115
\BOOKMARK [3][-]{subsubsection.2.3.3}{\376\377\000L\000e\000s\000s\000o\000n\000\040\0003\000.\0002\000\040\040\023\000\040\000P\000a\000r\000t\000i\000c\000l\000e\000\040\000T\000r\000a\000j\000e\000c\000t\000o\000r\000y\000\040\000L\000a\000b\000:}{subsection.2.3}% 116
\BOOKMARK [3][-]{subsubsection.2.3.4}{\376\377\000L\000e\000s\000s\000o\000n\000\040\0003\000.\0003\000\040\000-\000\040\000P\000r\000o\000j\000e\000c\000t\000i\000l\000e\000\040\000T\000r\000a\000j\000e\000c\000t\000o\000r\000y\000\040\000E\000x\000e\000r\000c\000i\000s\000e\000:}{subsection.2.3}% 117
\BOOKMARK [3][-]{subsubsection.2.3.5}{\376\377\000A\000s\000s\000e\000s\000s\000m\000e\000n\000t\000\040\0003\000.\0002\000\040\000-\000\040\000E\000x\000p\000l\000a\000i\000n\000i\000n\000g\000\040\000a\000\040\000B\000a\000l\000l\000:}{subsection.2.3}% 118
\BOOKMARK [3][-]{subsubsection.2.3.6}{\376\377\000L\000e\000s\000s\000o\000n\000\040\0003\000.\0004\000\040\040\023\000\040\000I\000n\000v\000e\000s\000t\000i\000g\000a\000t\000i\000n\000g\000\040\000G\000r\000a\000v\000i\000t\000y\000:}{subsection.2.3}% 119
\BOOKMARK [3][-]{subsubsection.2.3.7}{\376\377\000L\000e\000s\000s\000o\000n\000\040\0003\000.\0005\000\040\040\023\000\040\000I\000n\000v\000e\000s\000t\000i\000g\000a\000t\000i\000n\000g\000\040\000C\000e\000n\000t\000r\000i\000p\000e\000t\000a\000l\000\040\000A\000c\000c\000e\000l\000e\000r\000a\000t\000i\000o\000n\000:}{subsection.2.3}% 120
\BOOKMARK [3][-]{subsubsection.2.3.8}{\376\377\000L\000e\000s\000s\000o\000n\000\040\0003\000.\0006\000\040\040\023\000\040\000C\000e\000n\000t\000r\000i\000p\000e\000t\000a\000l\000\040\000F\000o\000r\000c\000e\000\040\000L\000a\000b\000:}{subsection.2.3}% 121
\BOOKMARK [3][-]{subsubsection.2.3.9}{\376\377\000L\000e\000s\000s\000o\000n\000\040\0003\000.\0007\000\040\040\023\000\040\000G\000r\000a\000v\000i\000t\000y\000\040\000a\000n\000d\000\040\000P\000l\000a\000n\000e\000t\000s\000:}{subsection.2.3}% 122
\BOOKMARK [3][-]{subsubsection.2.3.10}{\376\377\000A\000s\000s\000e\000s\000s\000m\000e\000n\000t\000\040\0003\000.\0003\000\040\040\023\000\040\000D\000e\000s\000i\000g\000n\000\040\000Y\000o\000u\000r\000\040\000O\000w\000n\000\040\000P\000l\000a\000n\000e\000t\000:}{subsection.2.3}% 123
\BOOKMARK [2][-]{subsection.2.4}{\376\377\000U\000n\000i\000t\000\040\0004\000\040\040\023\000\040\000E\000l\000e\000c\000t\000r\000o\000m\000a\000g\000n\000e\000t\000i\000s\000m}{section.2}% 124
\BOOKMARK [3][-]{subsubsection.2.4.1}{\376\377\000A\000s\000s\000e\000s\000s\000m\000e\000n\000t\000\040\0004\000.\0003\000\040\040\023\000\040\000O\000b\000s\000e\000r\000v\000i\000n\000g\000\040\000a\000\040\000B\000a\000l\000l\000o\000o\000n\000:}{subsection.2.4}% 125
\BOOKMARK [3][-]{subsubsection.2.4.2}{\376\377\000L\000e\000s\000s\000o\000n\000\040\0004\000.\0001\000\040\040\023\000\040\000T\000h\000e\000\040\000T\000r\000i\000b\000o\000e\000l\000e\000c\000t\000r\000i\000c\000\040\000E\000f\000f\000e\000c\000t\000:}{subsection.2.4}% 126
\BOOKMARK [3][-]{subsubsection.2.4.3}{\376\377\000L\000e\000s\000s\000o\000n\000\040\0004\000.\0002\000\040\040\023\000\040\000E\000l\000e\000c\000t\000r\000o\000s\000t\000a\000t\000i\000c\000\040\000F\000o\000r\000c\000e\000:}{subsection.2.4}% 127
\BOOKMARK [3][-]{subsubsection.2.4.4}{\376\377\000L\000e\000s\000s\000o\000n\000\040\0004\000.\0003\000\040\040\023\000\040\000C\000o\000u\000l\000o\000m\000b\040\031\000s\000\040\000L\000a\000w\000\040\000C\000a\000l\000c\000u\000l\000a\000t\000i\000o\000n\000s\000:}{subsection.2.4}% 128
\BOOKMARK [3][-]{subsubsection.2.4.5}{\376\377\000L\000e\000s\000s\000o\000n\000\040\0004\000.\0004\000\040\040\023\000\040\000M\000a\000g\000n\000e\000t\000i\000c\000\040\000F\000i\000e\000l\000d\000\040\000N\000o\000t\000e\000s\000:}{subsection.2.4}% 129
\BOOKMARK [3][-]{subsubsection.2.4.6}{\376\377\000A\000s\000s\000e\000s\000s\000m\000e\000n\000t\000\040\0004\000.\0002\000\040\040\023\000\040\000M\000a\000g\000n\000e\000t\000i\000c\000\040\000F\000i\000e\000l\000d\000\040\000M\000e\000a\000s\000u\000r\000e\000m\000e\000n\000t\000s\000:}{subsection.2.4}% 130
\BOOKMARK [3][-]{subsubsection.2.4.7}{\376\377\000L\000e\000s\000s\000o\000n\000\040\0004\000.\0005\000\040\040\023\000\040\000M\000a\000g\000n\000e\000t\000i\000c\000\040\000F\000i\000e\000l\000d\000s\000\040\000a\000n\000d\000\040\000M\000o\000v\000i\000n\000g\000\040\000C\000h\000a\000r\000g\000e\000s\000:}{subsection.2.4}% 131
\BOOKMARK [3][-]{subsubsection.2.4.8}{\376\377\000L\000e\000s\000s\000o\000n\000\040\0004\000.\0006\000\040\040\023\000\040\000R\000i\000g\000h\000t\000\040\000H\000a\000n\000d\000\040\000R\000u\000l\000e\000\040\000P\000r\000a\000c\000t\000i\000c\000e\000:}{subsection.2.4}% 132
\BOOKMARK [3][-]{subsubsection.2.4.9}{\376\377\000L\000e\000s\000s\000o\000n\000\040\0004\000.\0007\000\040\040\023\000\040\000R\000a\000i\000l\000\040\000G\000u\000n\000s\000:}{subsection.2.4}% 133
\BOOKMARK [3][-]{subsubsection.2.4.10}{\376\377\000L\000e\000s\000s\000o\000n\000\040\0004\000.\0008\000\040\040\023\000\040\000B\000u\000i\000l\000d\000i\000n\000g\000\040\000a\000n\000\040\000E\000l\000e\000c\000t\000r\000i\000c\000\040\000M\000o\000t\000o\000r\000:}{subsection.2.4}% 134
\BOOKMARK [3][-]{subsubsection.2.4.11}{\376\377\000A\000s\000s\000e\000s\000s\000m\000e\000n\000t\000\040\0004\000.\0003\000\040\040\023\000\040\000E\000l\000e\000c\000t\000r\000o\000m\000a\000g\000n\000e\000t\000i\000c\000\040\000F\000o\000r\000c\000e\000\040\000D\000e\000s\000i\000g\000n\000:}{subsection.2.4}% 135
\BOOKMARK [2][-]{subsection.2.5}{\376\377\000U\000n\000i\000t\000\040\0005\000\040\040\023\000\040\000W\000a\000v\000e\000s}{section.2}% 136
\BOOKMARK [3][-]{subsubsection.2.5.1}{\376\377\000A\000s\000s\000e\000s\000s\000m\000e\000n\000t\000\040\0005\000.\0001\000\040\040\023\000\040\000O\000b\000s\000e\000r\000v\000i\000n\000g\000\040\000W\000a\000v\000e\000s\000:}{subsection.2.5}% 137
\BOOKMARK [3][-]{subsubsection.2.5.2}{\376\377\000L\000e\000s\000s\000o\000n\000\040\0005\000.\0001\000\040\040\023\000\040\000B\000r\000a\000i\000n\000s\000t\000o\000r\000m\000i\000n\000g\000\040\000W\000a\000v\000e\000s\000:}{subsection.2.5}% 138
\BOOKMARK [3][-]{subsubsection.2.5.3}{\376\377\000L\000e\000s\000s\000o\000n\000\040\0005\000.\0002\000\040\040\023\000\040\000O\000b\000s\000e\000r\000v\000i\000n\000g\000\040\000W\000a\000v\000e\000s\000\040\000o\000n\000\040\000a\000\040\000S\000t\000r\000i\000n\000g\000:}{subsection.2.5}% 139
\BOOKMARK [3][-]{subsubsection.2.5.4}{\376\377\000L\000e\000s\000s\000o\000n\000\040\0005\000.\0003\000\040\040\023\000\040\000M\000e\000a\000s\000u\000r\000i\000n\000g\000\040\000W\000a\000v\000e\000s\000\040\000o\000n\000\040\000a\000\040\000S\000t\000r\000i\000n\000g\000:}{subsection.2.5}% 140
\BOOKMARK [3][-]{subsubsection.2.5.5}{\376\377\000L\000e\000s\000s\000o\000n\000\040\0005\000.\0004\000\040\040\023\000\040\000S\000t\000a\000n\000d\000i\000n\000g\000\040\000W\000a\000v\000e\000s\000:}{subsection.2.5}% 141
\BOOKMARK [3][-]{subsubsection.2.5.6}{\376\377\000L\000e\000s\000s\000o\000n\000\040\0005\000.\0005\000\040\040\023\000\040\000M\000e\000a\000s\000u\000r\000i\000n\000g\000\040\000t\000h\000e\000\040\000S\000p\000e\000e\000d\000\040\000o\000f\000\040\000S\000o\000u\000n\000d\000:}{subsection.2.5}% 142
\BOOKMARK [3][-]{subsubsection.2.5.7}{\376\377\000L\000e\000s\000s\000o\000n\000\040\0005\000.\0006\000\040\040\023\000\040\000B\000u\000i\000l\000d\000i\000n\000g\000\040\000a\000\040\000L\000o\000u\000d\000s\000p\000e\000a\000k\000e\000r\000:}{subsection.2.5}% 143
\BOOKMARK [3][-]{subsubsection.2.5.8}{\376\377\000L\000e\000s\000s\000o\000n\000\040\0005\000.\0007\000\040\040\023\000\040\000N\000o\000t\000e\000s\000\040\000o\000n\000\040\000W\000a\000v\000e\000s\000:}{subsection.2.5}% 144
\BOOKMARK [3][-]{subsubsection.2.5.9}{\376\377\000L\000e\000s\000s\000o\000n\000\040\0005\000.\0008\000\040\040\023\000\040\000E\000l\000e\000c\000t\000r\000o\000m\000a\000g\000n\000e\000t\000i\000c\000\040\000W\000a\000v\000e\000\040\000C\000h\000a\000r\000a\000c\000t\000e\000r\000i\000s\000t\000i\000c\000s\000:}{subsection.2.5}% 145
\BOOKMARK [3][-]{subsubsection.2.5.10}{\376\377\000A\000s\000s\000e\000s\000s\000m\000e\000n\000t\000\040\0005\000.\0003\000\040\040\023\000\040\000W\000a\000v\000e\000\040\000T\000o\000p\000i\000c\000s\000\040\000R\000e\000s\000e\000a\000r\000c\000h\000:}{subsection.2.5}% 146
\BOOKMARK [2][-]{subsection.2.6}{\376\377\000U\000n\000i\000t\000\040\0006\000\040\040\023\000\040\000E\000n\000e\000r\000g\000y}{section.2}% 147
\BOOKMARK [3][-]{subsubsection.2.6.1}{\376\377\000A\000s\000s\000e\000s\000s\000m\000e\000n\000t\000\040\0006\000.\0001\000\040\040\023\000\040\000D\000e\000f\000i\000n\000i\000n\000g\000\040\000a\000n\000d\000\040\000C\000h\000a\000n\000g\000i\000n\000g\000\040\000E\000n\000e\000r\000g\000y\000:}{subsection.2.6}% 148
\BOOKMARK [3][-]{subsubsection.2.6.2}{\376\377\000L\000e\000s\000s\000o\000n\000\040\0006\000.\0001\000\040\040\023\000\040\000A\000\040\000M\000o\000d\000e\000l\000\040\000f\000o\000r\000\040\000C\000h\000a\000n\000g\000i\000n\000g\000\040\000t\000h\000e\000\040\000K\000i\000n\000e\000t\000i\000c\000\040\000E\000n\000e\000r\000g\000y\000\040\000o\000f\000\040\000a\000n\000\040\000O\000b\000j\000e\000c\000t\000:}{subsection.2.6}% 149
\BOOKMARK [3][-]{subsubsection.2.6.3}{\376\377\000L\000e\000s\000s\000o\000n\000\040\0006\000.\0002\000\040\040\023\000\040\000N\000o\000t\000e\000s\000\040\000o\000n\000\040\000K\000E\000\040\000a\000n\000d\000\040\000W\000\040\040\023\000\040\000n\000o\000t\000e\000\040\000t\000h\000a\000t\000\040\000t\000h\000e\000r\000e\000\040\000a\000r\000e\000\040\000t\000h\000r\000e\000e\000\040\000p\000a\000r\000t\000s\000\040\000t\000o\000\040\000t\000h\000e\000s\000e\000\040\000n\000o\000t\000e\000s\000:}{subsection.2.6}% 150
\BOOKMARK [3][-]{subsubsection.2.6.4}{\376\377\000L\000e\000s\000s\000o\000n\000\040\0006\000.\0003\000\040\040\023\000\040\000E\000x\000a\000m\000p\000l\000e\000\040\000C\000a\000l\000c\000u\000l\000a\000t\000i\000o\000n\000s\000\040\000o\000f\000\040\000D\000K\000E\000\040\000a\000n\000d\000\040\000W\000:}{subsection.2.6}% 151
\BOOKMARK [3][-]{subsubsection.2.6.5}{\376\377\000A\000s\000s\000e\000s\000s\000m\000e\000n\000t\000\040\0006\000.\0002\000\040\040\023\000\040\000C\000a\000l\000c\000u\000l\000a\000t\000i\000n\000g\000\040\000D\000K\000E\000\040\000a\000n\000d\000\040\000W\000:}{subsection.2.6}% 152
\BOOKMARK [3][-]{subsubsection.2.6.6}{\376\377\000L\000e\000s\000s\000o\000n\000\040\0006\000.\0004\000\040\040\023\000\040\000M\000e\000a\000s\000u\000r\000i\000n\000g\000\040\000E\000l\000e\000c\000t\000r\000i\000c\000i\000t\000y\000:}{subsection.2.6}% 153
\BOOKMARK [3][-]{subsubsection.2.6.7}{\376\377\000L\000e\000s\000s\000o\000n\000\040\0006\000.\0005\000\040\040\023\000\040\000E\000n\000e\000r\000g\000y\000\040\000S\000y\000s\000t\000e\000m\000s\000:}{subsection.2.6}% 154
\BOOKMARK [3][-]{subsubsection.2.6.8}{\376\377\000A\000s\000s\000e\000s\000s\000m\000e\000n\000t\000\040\0006\000.\0003\000\040\040\023\000\040\000E\000n\000e\000r\000g\000y\000\040\000S\000y\000s\000t\000e\000m\000\040\000P\000r\000o\000j\000e\000c\000t\000:}{subsection.2.6}% 155
